

> @neptune/web@0.1.0 build /Users/nwlvrd/Atlas/gtm/apps/web
> next build

  [1m[38;2;173;127;168m▲ Next.js 14.2.15[39m[22m
  - Environments: .env.local
  - Experiments (use with caution):
    · typedRoutes

 [37m[1m [22m[39m Creating an optimized production build ...
 [32m[1m✓[22m[39m Compiled successfully
[?25l [37m[1m [22m[39m Linting and checking validity of types  [36m.[39m [33m[1m⚠[22m[39m No ESLint configuration detected. Run [1m[36mnext lint[39m[22m to begin setup
[2K[1G [37m[1m [22m[39m Linting and checking validity of types  [36m..[39m[2K[1G [37m[1m [22m[39m Linting and checking validity of types  [36m...[39m[2K[1G [37m[1m [22m[39m Linting and checking validity of types  [36m.[39m[2K[1G [37m[1m [22m[39m Linting and checking validity of types  [36m..[39m[2K[1G [37m[1m [22m[39m Linting and checking validity of types  [36m...[39m[2K[1G[?25h [37m[1m [22m[39m Linting and checking validity of types     [32m[1m✓[22m[39m Linting and checking validity of types 
[?25l [37m[1m [22m[39m Collecting page data  [36m.[39m[2K[1G[?25hunhandledRejection Error [PageNotFoundError]: Cannot find module for page: /_document
    at getPagePath (/Users/nwlvrd/Atlas/gtm/node_modules/[4m.pnpm[24m/next@14.2.15_react-dom@18.3.1_react@18.3.1__react@18.3.1/node_modules/[4mnext[24m/dist/server/require.js:94:15)
    at requirePage (/Users/nwlvrd/Atlas/gtm/node_modules/[4m.pnpm[24m/next@14.2.15_react-dom@18.3.1_react@18.3.1__react@18.3.1/node_modules/[4mnext[24m/dist/server/require.js:99:22)
    at /Users/nwlvrd/Atlas/gtm/node_modules/[4m.pnpm[24m/next@14.2.15_react-dom@18.3.1_react@18.3.1__react@18.3.1/node_modules/[4mnext[24m/dist/server/load-components.js:72:65
[90m    at process.processTicksAndRejections (node:internal/process/task_queues:105:5)[39m
    at async Promise.all (index 0)
    at async loadComponentsImpl (/Users/nwlvrd/Atlas/gtm/node_modules/[4m.pnpm[24m/next@14.2.15_react-dom@18.3.1_react@18.3.1__react@18.3.1/node_modules/[4mnext[24m/dist/server/load-components.js:71:33)
    at async Object.getDefinedNamedExports (/Users/nwlvrd/Atlas/gtm/node_modules/[4m.pnpm[24m/next@14.2.15_react-dom@18.3.1_react@18.3.1__react@18.3.1/node_modules/[4mnext[24m/dist/build/utils.js:1289:24) {
  type: [32m'PageNotFoundError'[39m,
  code: [32m'ENOENT'[39m
}
[?25l [37m[1m [22m[39m Collecting page data  [36m.[39m[?25h[41m[30m ELIFECYCLE [39m[49m [31mCommand failed with exit code 1.[39m
